<?xml version="1.0" encoding="UTF-8"?>
<!-- Generated by org.testng.reporters.JUnitXMLReporter -->
<testsuite hostname="slc05gyj" name="MY Service" tests="4" failures="0" timestamp="5 Jul 2015 05:24:38 GMT" time="717.252" errors="0">
  <testcase name="test" time="143.326" classname="com.qa141.myservices.C9_MYS_03_VerifyUI_Test"/>
  <testcase name="test" time="190.635" classname="com.qa141.myservices.C9_MYS_05_ErrorHandling_Test"/>
  <testcase name="test" time="139.91" classname="com.qa141.myservices.C9_MYS_06_Security_Test"/>
  <testcase name="test" time="238.081" classname="com.qa141.myservices.C9_MYS_11_QuickLinks_Test"/>
</testsuite> <!-- MY Service -->
