<?xml version="1.0" encoding="UTF-8"?>
<!-- Generated by org.testng.reporters.JUnitXMLReporter -->
<testsuite hostname="slc05gyj" name="MYAccount" tests="8" failures="0" timestamp="30 Sep 2015 06:36:32 GMT" time="307.864" errors="0">
  <testcase name="test" time="97.828" classname="com.qa141.myaccount.C9_MYA_01_loginLogout_Test"/>
  <testcase name="test" time="139.348" classname="com.qa141.myaccount.C9_MYA_02_VerifyAllLinks_Test"/>
  <testcase name="test" time="148.695" classname="com.qa141.myaccount.C9_MYA_03_VerifyUI_Test"/>
  <testcase name="test" time="167.655" classname="com.qa141.myaccount.C9_MYA_04_FieldLevelCheck_Test"/>
  <testcase name="test" time="76.915" classname="com.qa141.myaccount.C9_MYA_06_Security_Test"/>
  <testcase name="test" time="176.705" classname="com.qa141.myaccount.C9_MYA_05_ErrorHandling_Test"/>
  <testcase name="test" time="138.09" classname="com.qa141.myaccount.C9_MYA_09_FunctionalityCheck_Test"/>
  <testcase name="test" time="168.253" classname="com.qa141.myaccount.C9_MYA_08_ValidateErrorpages_Test"/>
</testsuite> <!-- MYAccount -->
