<?xml version="1.0" encoding="UTF-8"?>
<!-- Generated by org.testng.reporters.JUnitXMLReporter -->
<testsuite hostname="slc05wcd" ignored="30" name="Test" tests="17" failures="0" timestamp="07 Mar 2017 06:22:05 GMT" time="2335.275" errors="0">
  <testcase name="test" time="149.148" classname="com.qa132.java.C9_Java_19_Security_Test"/>
  <testcase name="test" time="128.186" classname="com.qa132.java.C9_EMGC_05_StopAplication_Test"/>
  <testcase name="test" time="138.496" classname="com.qa132.java.C9_Java_11_VerifyLinks_Test"/>
  <testcase name="test" time="128.314" classname="com.qa132.java.C9_EMGC_01_LoginLogoutOfJavaServiceConsole_Test"/>
  <testcase name="test" time="140.153" classname="com.qa132.java.C9_Java_14_ValidateError_Test"/>
  <testcase name="test" time="138.883" classname="com.qa132.java.C9_Java_13_FieldLevelCheck_Test"/>
  <testcase name="test" time="128.134" classname="com.qa132.java.C9_EMGC_02_DeployingJavaApplication_Test"/>
  <testcase name="test" time="127.991" classname="com.qa132.java.C9_EMGC_07_AccessMyServicesPage_Test"/>
  <testcase name="test" time="137.768" classname="com.qa132.java.C9_Java_17_ErrorPage_Test"/>
  <testcase name="test" time="128.393" classname="com.qa132.java.C9_EMGC_04_AccessJavaApplicationDeployed_Test"/>
  <testcase name="test" time="142.09" classname="com.qa132.java.C9_Java_15_ErrorHandling_Test"/>
  <testcase name="test" time="129.496" classname="com.qa132.java.C9_EMGC_08_DeleteApplication_Test"/>
  <testcase name="test" time="130.89" classname="com.qa132.java.C9_EMGC_06_ReDeployingJavaApplication_Test"/>
  <testcase name="test" time="138.783" classname="com.qa132.java.C9_Java_16_SearchFeature_Test"/>
  <testcase name="test" time="128.773" classname="com.qa132.java.C9_EMGC_03_StartApplication_Test"/>
  <testcase name="test" time="138.46" classname="com.qa132.java.C9_Java_12_VerifyUI_Test"/>
  <testcase name="test" time="137.862" classname="com.qa132.java.C9_Java_18_Functionality_Test"/>
  <testcase name="@BeforeSuite setup" time="0.0" classname="com.safc.configuration.BaseTest">
    <ignored/>
  </testcase> <!-- @BeforeSuite setup -->
  <testcase name="@BeforeSuite setup" time="0.0" classname="com.safc.configuration.BaseTest">
    <ignored/>
  </testcase> <!-- @BeforeSuite setup -->
  <testcase name="@BeforeSuite setup" time="0.0" classname="com.safc.configuration.BaseTest">
    <ignored/>
  </testcase> <!-- @BeforeSuite setup -->
  <testcase name="@BeforeSuite setup" time="0.0" classname="com.safc.configuration.BaseTest">
    <ignored/>
  </testcase> <!-- @BeforeSuite setup -->
  <testcase name="@BeforeSuite setup" time="0.0" classname="com.safc.configuration.BaseTest">
    <ignored/>
  </testcase> <!-- @BeforeSuite setup -->
  <testcase name="@BeforeSuite setup" time="0.0" classname="com.safc.configuration.BaseTest">
    <ignored/>
  </testcase> <!-- @BeforeSuite setup -->
  <testcase name="@BeforeSuite setup" time="0.0" classname="com.safc.configuration.BaseTest">
    <ignored/>
  </testcase> <!-- @BeforeSuite setup -->
  <testcase name="@BeforeSuite setup" time="0.0" classname="com.safc.configuration.BaseTest">
    <ignored/>
  </testcase> <!-- @BeforeSuite setup -->
  <testcase name="@BeforeSuite setup" time="0.0" classname="com.safc.configuration.BaseTest">
    <ignored/>
  </testcase> <!-- @BeforeSuite setup -->
  <testcase name="@BeforeSuite setup" time="0.0" classname="com.safc.configuration.BaseTest">
    <ignored/>
  </testcase> <!-- @BeforeSuite setup -->
  <testcase name="@BeforeSuite setup" time="0.0" classname="com.safc.configuration.BaseTest">
    <ignored/>
  </testcase> <!-- @BeforeSuite setup -->
  <testcase name="@BeforeSuite setup" time="0.0" classname="com.safc.configuration.BaseTest">
    <ignored/>
  </testcase> <!-- @BeforeSuite setup -->
  <testcase name="@BeforeSuite setup" time="0.0" classname="com.safc.configuration.BaseTest">
    <ignored/>
  </testcase> <!-- @BeforeSuite setup -->
  <testcase name="@BeforeSuite setup" time="0.0" classname="com.safc.configuration.BaseTest">
    <ignored/>
  </testcase> <!-- @BeforeSuite setup -->
  <testcase name="@BeforeSuite setup" time="0.0" classname="com.safc.configuration.BaseTest">
    <ignored/>
  </testcase> <!-- @BeforeSuite setup -->
  <testcase name="@AfterSuite tearDown" time="0.0" classname="com.safc.configuration.BaseTest">
    <ignored/>
  </testcase> <!-- @AfterSuite tearDown -->
  <testcase name="@AfterSuite tearDown" time="0.0" classname="com.safc.configuration.BaseTest">
    <ignored/>
  </testcase> <!-- @AfterSuite tearDown -->
  <testcase name="@AfterSuite tearDown" time="0.0" classname="com.safc.configuration.BaseTest">
    <ignored/>
  </testcase> <!-- @AfterSuite tearDown -->
  <testcase name="@AfterSuite tearDown" time="0.0" classname="com.safc.configuration.BaseTest">
    <ignored/>
  </testcase> <!-- @AfterSuite tearDown -->
  <testcase name="@AfterSuite tearDown" time="0.0" classname="com.safc.configuration.BaseTest">
    <ignored/>
  </testcase> <!-- @AfterSuite tearDown -->
  <testcase name="@AfterSuite tearDown" time="0.0" classname="com.safc.configuration.BaseTest">
    <ignored/>
  </testcase> <!-- @AfterSuite tearDown -->
  <testcase name="@AfterSuite tearDown" time="0.0" classname="com.safc.configuration.BaseTest">
    <ignored/>
  </testcase> <!-- @AfterSuite tearDown -->
  <testcase name="@AfterSuite tearDown" time="0.0" classname="com.safc.configuration.BaseTest">
    <ignored/>
  </testcase> <!-- @AfterSuite tearDown -->
  <testcase name="@AfterSuite tearDown" time="0.0" classname="com.safc.configuration.BaseTest">
    <ignored/>
  </testcase> <!-- @AfterSuite tearDown -->
  <testcase name="@AfterSuite tearDown" time="0.0" classname="com.safc.configuration.BaseTest">
    <ignored/>
  </testcase> <!-- @AfterSuite tearDown -->
  <testcase name="@AfterSuite tearDown" time="0.0" classname="com.safc.configuration.BaseTest">
    <ignored/>
  </testcase> <!-- @AfterSuite tearDown -->
  <testcase name="@AfterSuite tearDown" time="0.0" classname="com.safc.configuration.BaseTest">
    <ignored/>
  </testcase> <!-- @AfterSuite tearDown -->
  <testcase name="@AfterSuite tearDown" time="0.0" classname="com.safc.configuration.BaseTest">
    <ignored/>
  </testcase> <!-- @AfterSuite tearDown -->
  <testcase name="@AfterSuite tearDown" time="0.0" classname="com.safc.configuration.BaseTest">
    <ignored/>
  </testcase> <!-- @AfterSuite tearDown -->
  <testcase name="@AfterSuite tearDown" time="0.0" classname="com.safc.configuration.BaseTest">
    <ignored/>
  </testcase> <!-- @AfterSuite tearDown -->
</testsuite> <!-- Test -->
