<?xml version="1.0" encoding="UTF-8"?>
<!-- Generated by org.testng.reporters.JUnitXMLReporter -->
<testsuite hostname="slc05wcd" name="CloudUI" tests="15" failures="0" timestamp="13 Jul 2016 20:04:02 GMT" time="2349.563" errors="0">
  <testcase name="test" time="37.863" classname="com.qa132.cloudui.C9_CloudUI_01_HomePage_Test"/>
  <testcase name="test" time="218.087" classname="com.qa132.cloudui.C9_CloudUI_02_Create_Trial_DBService_Test"/>
  <testcase name="test" time="112.597" classname="com.qa132.cloudui.C9_CloudUI_03_Chatnow_Test"/>
  <testcase name="test" time="133.762" classname="com.qa132.cloudui.C9_CloudUI_04_MyServicesLink_test"/>
  <testcase name="test" time="103.859" classname="com.qa132.cloudui.C9_CloudUI_05_MyAccount_Test"/>
  <testcase name="test" time="320.783" classname="com.qa141.cloudui.C9_LandingPage_01_HeaderFooter_Test"/>
  <testcase name="test" time="195.485" classname="com.qa141.cloudui.C9_LandingPage_02_Verifying_Main_Links_Test"/>
  <testcase name="test" time="150.37" classname="com.qa141.cloudui.C9_LandingPage_03_ChatNow_ContactUs_Test"/>
  <testcase name="test" time="12.062" classname="com.qa141.cloudui.C9_LandingPage_04_LoginNotRequired_Test"/>
  <testcase name="test" time="90.745" classname="com.qa141.cloudui.C9_LandingPage_05_All_Buttons_Test"/>
  <testcase name="test" time="565.268" classname="com.qa141.cloudui.C9_LandingPage_14_Build_Apps_Test"/>
  <testcase name="test" time="107.385" classname="com.qa141.cloudui.C9_LandingPage_15_Infrastructure_Test"/>
  <testcase name="test" time="208.584" classname="com.qa141.cloudui.C9_LandingPage_16_Resources_Discover_Test"/>
  <testcase name="test" time="48.578" classname="com.qa141.cloudui.C9_LandingPage_17_More_Resources_Test"/>
  <testcase name="test" time="24.761" classname="com.qa141.cloudui.C9_LandingPage_18_Cloud_MarketPlace"/>
</testsuite> <!-- CloudUI -->
