<?xml version="1.0" encoding="UTF-8"?>
<!-- Generated by org.testng.reporters.JUnitXMLReporter -->
<testsuite hostname="slc05gyj" name="ComputeTab-IPs" tests="6" failures="0" timestamp="15 Feb 2015 15:57:42 GMT" time="918.075" errors="0">
  <testcase name="test" time="96.543" classname="com.qa141.occs.computetabs.C9_OCCS_Network_11_PublicIps"/>
  <testcase name="test" time="180.778" classname="com.qa141.occs.computetabs.C9_OCCS_Network_12_PublicIpsCreate"/>
  <testcase name="test" time="126.884" classname="com.qa141.occs.computetabs.C9_OCCS_Network_13_PublicIpsSearch"/>
  <testcase name="test" time="199.793" classname="com.qa141.occs.computetabs.C9_OCCS_Network_14_PublicIpsShowFilter"/>
  <testcase name="test" time="153.716" classname="com.qa141.occs.computetabs.C9_OCCS_Network_15_PublicIpsUpdate"/>
  <testcase name="test" time="152.435" classname="com.qa141.occs.computetabs.C9_OCCS_Network_16_PublicIpsDelete"/>
</testsuite> <!-- ComputeTab-IPs -->
