<?xml version="1.0" encoding="UTF-8"?>
<!-- Generated by org.testng.reporters.JUnitXMLReporter -->
<testsuite hostname="slc05gyj" name="ComputeTab" tests="16" failures="1" timestamp="15 Feb 2015 18:00:51 GMT" time="2194.137" errors="0">
  <testcase name="test" time="103.828" classname="com.qa141.occs.computetabs.C9_OCCS_Network_01_IpList"/>
  <testcase name="test" time="153.376" classname="com.qa141.occs.computetabs.C9_OCCS_Network_02_IpListCreate"/>
  <testcase name="test" time="115.797" classname="com.qa141.occs.computetabs.C9_OCCS_Network_03_IpListSearch"/>
  <testcase name="test" time="131.303" classname="com.qa141.occs.computetabs.C9_OCCS_Network_04_IpListUpdate"/>
  <testcase name="test" time="124.274" classname="com.qa141.occs.computetabs.C9_OCCS_Network_05_IpListDelete"/>
  <testcase name="test" time="93.448" classname="com.qa141.occs.computetabs.C9_OCCS_Network_06_NetworkGroup"/>
  <testcase name="test" time="145.727" classname="com.qa141.occs.computetabs.C9_OCCS_Network_07_NetworkGroupCreate"/>
  <testcase name="test" time="117.39" classname="com.qa141.occs.computetabs.C9_OCCS_Network_08_NetworkGroupSearch"/>
  <testcase name="test" time="112.153" classname="com.qa141.occs.computetabs.C9_OCCS_Network_09_NetworkGroupUpdate">
    <failure type="java.lang.AssertionError" message="element not visible
  (Session info: chrome=40.0.2214.111)
  (Driver info: chromedriver=2.9.248315,platform=Windows NT 6.1 SP1 x86_64) (WARNING: The server did not provide any stacktrace information)
Command duration or timeout: 17 milliseconds
Build info: version: &amp;apos;2.39.0&amp;apos;, revision: &amp;apos;ff23eac&amp;apos;, time: &amp;apos;2013-12-16 16:11:15&amp;apos;
System info: host: &amp;apos;slc05gyj&amp;apos;, ip: &amp;apos;10.240.125.231&amp;apos;, os.name: &amp;apos;Windows 7&amp;apos;, os.arch: &amp;apos;amd64&amp;apos;, os.version: &amp;apos;6.1&amp;apos;, java.version: &amp;apos;1.6.0_34&amp;apos;
Session ID: 4dd61bde0fdd7a7076b57a54de6c8728
Driver info: org.openqa.selenium.chrome.ChromeDriver
Capabilities [{platform=XP, acceptSslCerts=true, javascriptEnabled=true, browserName=chrome, chrome={userDataDir=C:\Users\ashikuku\AppData\Local\Temp\scoped_dir94932_8758}, rotatable=false, locationContextEnabled=true, version=40.0.2214.111, takesHeapSnapshot=true, cssSelectorsEnabled=true, databaseEnabled=false, handlesAlerts=true, browserConnectionEnabled=false, nativeEvents=true, webStorageEnabled=true, applicationCacheEnabled=false, takesScreenshot=true}]
Command duration or timeout: 195 milliseconds
Build info: version: &amp;apos;2.39.0&amp;apos;, revision: &amp;apos;ff23eac&amp;apos;, time: &amp;apos;2013-12-16 16:11:15&amp;apos;
System info: host: &amp;apos;slc05gyj&amp;apos;, ip: &amp;apos;10.240.125.231&amp;apos;, os.name: &amp;apos;Windows 7&amp;apos;, os.arch: &amp;apos;amd64&amp;apos;, os.version: &amp;apos;6.1&amp;apos;, java.version: &amp;apos;1.6.0_34&amp;apos;
Session ID: f21d475a-a169-4e26-8125-f2d058c7f116
Driver info: org.openqa.selenium.remote.RemoteWebDriver
Capabilities [{platform=XP, acceptSslCerts=true, javascriptEnabled=true, browserName=chrome, chrome={userDataDir=C:\Users\ashikuku\AppData\Local\Temp\scoped_dir94932_8758}, rotatable=false, locationContextEnabled=true, webdriver.remote.sessionid=f21d475a-a169-4e26-8125-f2d058c7f116, version=40.0.2214.111, takesHeapSnapshot=true, cssSelectorsEnabled=true, databaseEnabled=false, handlesAlerts=true, browserConnectionEnabled=false, nativeEvents=true, webStorageEnabled=true, applicationCacheEnabled=false, takesScreenshot=true}]">
      <![CDATA[java.lang.AssertionError: element not visible
  (Session info: chrome=40.0.2214.111)
  (Driver info: chromedriver=2.9.248315,platform=Windows NT 6.1 SP1 x86_64) (WARNING: The server did not provide any stacktrace information)
Command duration or timeout: 17 milliseconds
Build info: version: '2.39.0', revision: 'ff23eac', time: '2013-12-16 16:11:15'
System info: host: 'slc05gyj', ip: '10.240.125.231', os.name: 'Windows 7', os.arch: 'amd64', os.version: '6.1', java.version: '1.6.0_34'
Session ID: 4dd61bde0fdd7a7076b57a54de6c8728
Driver info: org.openqa.selenium.chrome.ChromeDriver
Capabilities [{platform=XP, acceptSslCerts=true, javascriptEnabled=true, browserName=chrome, chrome={userDataDir=C:\Users\ashikuku\AppData\Local\Temp\scoped_dir94932_8758}, rotatable=false, locationContextEnabled=true, version=40.0.2214.111, takesHeapSnapshot=true, cssSelectorsEnabled=true, databaseEnabled=false, handlesAlerts=true, browserConnectionEnabled=false, nativeEvents=true, webStorageEnabled=true, applicationCacheEnabled=false, takesScreenshot=true}]
Command duration or timeout: 195 milliseconds
Build info: version: '2.39.0', revision: 'ff23eac', time: '2013-12-16 16:11:15'
System info: host: 'slc05gyj', ip: '10.240.125.231', os.name: 'Windows 7', os.arch: 'amd64', os.version: '6.1', java.version: '1.6.0_34'
Session ID: f21d475a-a169-4e26-8125-f2d058c7f116
Driver info: org.openqa.selenium.remote.RemoteWebDriver
Capabilities [{platform=XP, acceptSslCerts=true, javascriptEnabled=true, browserName=chrome, chrome={userDataDir=C:\Users\ashikuku\AppData\Local\Temp\scoped_dir94932_8758}, rotatable=false, locationContextEnabled=true, webdriver.remote.sessionid=f21d475a-a169-4e26-8125-f2d058c7f116, version=40.0.2214.111, takesHeapSnapshot=true, cssSelectorsEnabled=true, databaseEnabled=false, handlesAlerts=true, browserConnectionEnabled=false, nativeEvents=true, webStorageEnabled=true, applicationCacheEnabled=false, takesScreenshot=true}]
	at org.junit.Assert.fail(Assert.java:88)
	at com.qa141.occs.computetabs.C9_OCCS_Network_09_NetworkGroupUpdate.test(C9_OCCS_Network_09_NetworkGroupUpdate.java:110)
	at java.util.concurrent.FutureTask$Sync.innerRun(Unknown Source)
	at java.util.concurrent.FutureTask.run(Unknown Source)
	at java.util.concurrent.ThreadPoolExecutor$Worker.runTask(Unknown Source)
	at java.util.concurrent.ThreadPoolExecutor$Worker.run(Unknown Source)
	at java.lang.Thread.run(Unknown Source)
... Removed 16 stack frames]]>
    </failure>
  </testcase> <!-- test -->
  <testcase name="test" time="154.383" classname="com.qa141.occs.computetabs.C9_OCCS_Network_10_NetworkGroupDelete"/>
  <testcase name="test" time="102.085" classname="com.qa141.occs.computetabs.C9_OCCS_Network_11_PublicIps"/>
  <testcase name="test" time="175.715" classname="com.qa141.occs.computetabs.C9_OCCS_Network_12_PublicIpsCreate"/>
  <testcase name="test" time="128.067" classname="com.qa141.occs.computetabs.C9_OCCS_Network_13_PublicIpsSearch"/>
  <testcase name="test" time="201.862" classname="com.qa141.occs.computetabs.C9_OCCS_Network_14_PublicIpsShowFilter"/>
  <testcase name="test" time="156.796" classname="com.qa141.occs.computetabs.C9_OCCS_Network_15_PublicIpsUpdate"/>
  <testcase name="test" time="157.634" classname="com.qa141.occs.computetabs.C9_OCCS_Network_16_PublicIpsDelete"/>
</testsuite> <!-- ComputeTab -->
