<?xml version="1.0" encoding="UTF-8"?>
<!-- Generated by org.testng.reporters.JUnitXMLReporter -->
<testsuite hostname="slc05gyj" name="myservices" tests="5" failures="0" timestamp="21 Sep 2015 10:34:35 GMT" time="777.275" errors="0">
  <testcase name="test" time="148.209" classname="com.qa141.myservices.C9_MYS_04_FieldLevelCheck_Test"/>
  <testcase name="test" time="152.555" classname="com.qa141.myservices.C9_MYS_05_ErrorHandling_Test"/>
  <testcase name="test" time="156.335" classname="com.qa141.myservices.C9_MYS_08_ValidateErrorpages_Test"/>
  <testcase name="test" time="153.467" classname="com.qa141.myservices.C9_MYS_10_FunctionalityCheck_Test"/>
  <testcase name="test" time="158.936" classname="com.qa141.myservices.C9_MYS_11_QuickLinks_Test"/>
</testsuite> <!-- myservices -->
